{"@timestamp": "2025-06-22T13:57:32+00:00", "status": 200, "url": "/api/context/...", "request_method": "GET", "response_time": 0.024, "http_user_agent": "..."}
{"@timestamp": "2025-06-22T13:57:32+00:00", "status": 200, "url": "/api/context/...", "request_method": "GET", "response_time": 0.02, "http_user_agent": "..."}
{"@timestamp": "2025-06-22T13:57:32+00:00", "status": 200, "url": "/api/context/...", "request_method": "GET", "response_time": 0.024, "http_user_agent": "..."}
{"@timestamp": "2025-06-22T13:57:32+00:00", "status": 200, "url": "/api/homeworks/...", "request_method": "GET", "response_time": 0.06, "http_user_agent": "..."}
{"@timestamp": "2025-06-22T13:57:32+00:00", "status": 200, "url": "/api/homeworks/...", "request_method": "GET", "response_time": 0.032, "http_user_agent": "..."}
{"@timestamp": "2025-06-22T13:57:32+00:00", "status": 200, "url": "/api/homeworks/...", "request_method": "GET", "response_time": 0.06, "http_user_agent": "..."}
{"@timestamp": "2025-06-22T13:57:32+00:00", "status": 200, "url": "/api/homeworks/...", "request_method": "GET", "response_time": 0.06, "http_user_agent": "..."}
{"@timestamp": "2025-06-22T13:57:32+00:00", "status": 200, "url": "/api/homeworks/...", "request_method": "GET", "response_time": 0.06, "http_user_agent": "..."}
{"@timestamp": "2025-06-22T13:57:32+00:00", "status": 200, "url": "/api/homeworks/...", "request_method": "GET", "response_time": 0.064, "http_user_agent": "..."}
{"@timestamp": "2025-06-22T13:57:32+00:00", "status": 200, "url": "/api/homeworks/...", "request_method": "GET", "response_time": 0.1, "http_user_agent": "..."}
{"@timestamp": "2025-06-22T13:57:32+00:00", "status": 200, "url": "/api/homeworks/...", "request_method": "GET", "response_time": 0.076, "http_user_agent": "..."}
{"@timestamp": "2025-06-22T13:57:32+00:00", "status": 200, "url": "/api/homeworks/...", "request_method": "GET", "response_time": 0.076, "http_user_agent": "..."}
{"@timestamp": "2025-06-22T13:57:34+00:00", "status": 200, "url": "/api/context/...", "request_method": "GET", "response_time": 0.024, "http_user_agent": "..."}
{"@timestamp": "2025-06-22T13:57:34+00:00", "status": 200, "url": "/api/specializations/...", "request_method": "GET", "response_time": 0.016, "http_user_agent": "..."}
{"@timestamp": "2025-06-22T13:57:34+00:00", "status": 200, "url": "/api/context/...", "request_method": "GET", "response_time": 0.032, "http_user_agent": "..."}
{"@timestamp": "2025-06-22T13:57:34+00:00", "status": 200, "url": "/api/context/...", "request_method": "GET", "response_time": 0.072, "http_user_agent": "..."}
{"@timestamp": "2025-06-22T13:57:34+00:00", "status": 200, "url": "/api/specializations/...", "request_method": "GET", "response_time": 0.016, "http_user_agent": "..."}
{"@timestamp": "2025-06-22T13:57:34+00:00", "status": 200, "url": "/api/specializations/...", "request_method": "GET", "response_time": 0.04, "http_user_agent": "..."}
{"@timestamp": "2025-06-22T13:57:34+00:00", "status": 200, "url": "/api/specializations/...", "request_method": "GET", "response_time": 0.036, "http_user_agent": "..."}
{"@timestamp": "2025-06-22T13:57:34+00:00", "status": 200, "url": "/api/specializations/...", "request_method": "GET", "response_time": 0.056, "http_user_agent": "..."}
{"@timestamp": "2025-06-22T13:57:34+00:00", "status": 200, "url": "/api/specializations/...", "request_method": "GET", "response_time": 0.044, "http_user_agent": "..."}
{"@timestamp": "2025-06-22T13:57:34+00:00", "status": 200, "url": "/api/homeworks/...", "request_method": "GET", "response_time": 0.04, "http_user_agent": "..."}
{"@timestamp": "2025-06-22T13:57:34+00:00", "status": 200, "url": "/api/users/...", "request_method": "GET", "response_time": 0.072, "http_user_agent": "..."}
{"@timestamp": "2025-06-22T13:57:34+00:00", "status": 200, "url": "/api/challenges/...", "request_method": "GET", "response_time": 0.056, "http_user_agent": "..."}
{"@timestamp": "2025-06-22T13:57:34+00:00", "status": 200, "url": "/api/homeworks/...", "request_method": "GET", "response_time": 0.06, "http_user_agent": "..."}
{"@timestamp": "2025-06-22T13:57:34+00:00", "status": 200, "url": "/api/homeworks/...", "request_method": "GET", "response_time": 0.128, "http_user_agent": "..."}
{"@timestamp": "2025-06-22T13:57:34+00:00", "status": 200, "url": "/api/homeworks/...", "request_method": "GET", "response_time": 0.136, "http_user_agent": "..."}
{"@timestamp": "2025-06-22T13:57:34+00:00", "status": 200, "url": "/api/homeworks/...", "request_method": "GET", "response_time": 0.152, "http_user_agent": "..."}
{"@timestamp": "2025-06-22T13:57:34+00:00", "status": 200, "url": "/api/homeworks/...", "request_method": "GET", "response_time": 0.14, "http_user_agent": "..."}
{"@timestamp": "2025-06-22T13:57:34+00:00", "status": 200, "url": "/api/homeworks/...", "request_method": "GET", "response_time": 0.192, "http_user_agent": "..."}
{"@timestamp": "2025-06-22T13:57:34+00:00", "status": 200, "url": "/api/context/...", "request_method": "GET", "response_time": 0.044, "http_user_agent": "..."}
{"@timestamp": "2025-06-22T13:57:35+00:00", "status": 200, "url": "/api/homeworks/...", "request_method": "GET", "response_time": 0.112, "http_user_agent": "..."}
{"@timestamp": "2025-06-22T13:57:35+00:00", "status": 200, "url": "/api/homeworks/...", "request_method": "GET", "response_time": 0.14, "http_user_agent": "..."}
{"@timestamp": "2025-06-22T13:57:35+00:00", "status": 200, "url": "/api/homeworks/...", "request_method": "GET", "response_time": 0.16, "http_user_agent": "..."}
{"@timestamp": "2025-06-22T13:57:35+00:00", "status": 200, "url": "/api/homeworks/...", "request_method": "GET", "response_time": 0.168, "http_user_agent": "..."}
{"@timestamp": "2025-06-22T13:57:35+00:00", "status": 200, "url": "/api/homeworks/...", "request_method": "GET", "response_time": 0.172, "http_user_agent": "..."}
{"@timestamp": "2025-06-22T13:57:35+00:00", "status": 200, "url": "/api/homeworks/...", "request_method": "GET", "response_time": 0.216, "http_user_agent": "..."}
{"@timestamp": "2025-06-22T13:57:40+00:00", "status": 200, "url": "/api/context/...", "request_method": "GET", "response_time": 0.036, "http_user_agent": "..."}
{"@timestamp": "2025-06-22T13:57:40+00:00", "status": 200, "url": "/api/homeworks/...", "request_method": "GET", "response_time": 0.096, "http_user_agent": "..."}
{"@timestamp": "2025-06-22T13:57:40+00:00", "status": 200, "url": "/api/homeworks/...", "request_method": "GET", "response_time": 0.108, "http_user_agent": "..."}
{"@timestamp": "2025-06-22T13:57:40+00:00", "status": 200, "url": "/api/homeworks/...", "request_method": "GET", "response_time": 0.152, "http_user_agent": "..."}
{"@timestamp": "2025-06-22T13:57:40+00:00", "status": 200, "url": "/api/homeworks/...", "request_method": "GET", "response_time": 0.152, "http_user_agent": "..."}
{"@timestamp": "2025-06-22T13:57:40+00:00", "status": 200, "url": "/api/homeworks/...", "request_method": "GET", "response_time": 0.156, "http_user_agent": "..."}
{"@timestamp": "2025-06-22T13:57:40+00:00", "status": 200, "url": "/api/homeworks/...", "request_method": "GET", "response_time": 0.196, "http_user_agent": "..."}
{"@timestamp": "2025-06-22T13:57:41+00:00", "status": 200, "url": "/api/context/...", "request_method": "GET", "response_time": 0.048, "http_user_agent": "..."}
{"@timestamp": "2025-06-22T13:57:41+00:00", "status": 200, "url": "/api/homeworks/...", "request_method": "GET", "response_time": 0.1, "http_user_agent": "..."}
{"@timestamp": "2025-06-22T13:57:41+00:00", "status": 200, "url": "/api/homeworks/...", "request_method": "GET", "response_time": 0.124, "http_user_agent": "..."}
{"@timestamp": "2025-06-22T13:57:41+00:00", "status": 200, "url": "/api/homeworks/...", "request_method": "GET", "response_time": 0.14, "http_user_agent": "..."}
{"@timestamp": "2025-06-22T13:57:41+00:00", "status": 200, "url": "/api/homeworks/...", "request_method": "GET", "response_time": 0.12, "http_user_agent": "..."}
